[INFO]   2025/11/12 20:49:39 csv_viewer.cgi START
[INFO]   2025/11/12 20:49:39 Received parameters: csv_file
[INFO]   2025/11/12 20:49:39 csv_file parameter: defined
[INFO]   2025/11/12 20:51:23 csv_viewer.cgi START
[INFO]   2025/11/12 20:51:23 Received parameters: csv_file
[INFO]   2025/11/12 20:51:23 csv_file parameter: defined
[INFO]   2025/11/12 20:53:22 csv_viewer.cgi START
[INFO]   2025/11/12 20:53:22 Received parameters: csv_file
[INFO]   2025/11/12 20:53:22 csv_file parameter: defined
[INFO]   2025/11/12 20:53:22 csv_viewer.cgi END
[INFO]   2025/11/12 20:55:25 csv_viewer.cgi START
[INFO]   2025/11/12 20:55:25 csv_viewer.cgi END
[INFO]   2025/11/12 20:56:19 csv_viewer.cgi START
[INFO]   2025/11/12 20:56:19 csv_viewer.cgi END
[INFO]   2025/11/12 20:56:30 csv_viewer.cgi START
[INFO]   2025/11/12 20:56:30 csv_viewer.cgi END
[INFO]   2025/11/12 20:58:15 csv_viewer.cgi START
[INFO]   2025/11/12 20:58:15 csv_viewer.cgi END
[INFO]   2025/11/12 21:00:19 csv_viewer.cgi START
[INFO]   2025/11/12 21:00:19 csv_viewer.cgi END
[INFO]   2025/11/12 21:00:30 csv_viewer.cgi START
[INFO]   2025/11/12 21:00:30 csv_viewer.cgi END
[INFO]   2025/11/12 21:00:37 csv_viewer.cgi START
[INFO]   2025/11/12 21:00:37 csv_viewer.cgi END
[INFO]   2025/11/12 21:06:45 csv_viewer.cgi START
[INFO]   2025/11/12 21:09:55 csv_viewer.cgi START
[INFO]   2025/11/12 21:09:55 csv_viewer.cgi END
[INFO]   2025/11/12 21:10:20 csv_viewer.cgi START
[INFO]   2025/11/12 21:10:20 csv_viewer.cgi END
[INFO]   2025/11/12 21:12:09 csv_viewer.cgi START
[INFO]   2025/11/12 21:12:09 csv_viewer.cgi END
[INFO]   2025/11/12 21:12:19 input_csv.cgi START
[INFO]   2025/11/12 21:12:19 input_csv.cgi END
[INFO]   2025/11/12 21:12:44 input_csv.cgi START
[INFO]   2025/11/12 21:12:44 input_csv.cgi END
[INFO]   2025/11/12 21:12:50 csv_viewer.cgi START
[INFO]   2025/11/12 21:12:50 csv_viewer.cgi END
[INFO]   2025/11/12 21:37:49 csv_viewer.cgi START
[INFO]   2025/11/12 21:37:49 csv_viewer.cgi END
[INFO]   2025/11/12 21:38:12 input_csv.cgi START
[INFO]   2025/11/12 21:38:12 input_csv.cgi END
[INFO]   2025/11/12 21:38:19 csv_viewer.cgi START
[INFO]   2025/11/12 21:38:19 csv_viewer.cgi END
[INFO]   2025/11/12 21:39:08 csv_viewer.cgi START
[INFO]   2025/11/12 21:39:08 csv_viewer.cgi END
[INFO]   2025/11/12 21:42:01 csv_viewer.cgi START
[INFO]   2025/11/12 21:42:01 csv_viewer.cgi END
[INFO]   2025/11/12 21:42:22 csv_viewer.cgi START
[INFO]   2025/11/12 21:42:22 csv_viewer.cgi END
[INFO]   2025/11/12 21:42:40 csv_viewer.cgi START
[INFO]   2025/11/12 21:42:40 csv_viewer.cgi END
[INFO]   2025/11/12 22:03:14 csv_viewer.cgi START
[INFO]   2025/11/12 22:03:14 csv_viewer.cgi END
[INFO]   2025/11/12 22:03:33 csv_viewer.cgi START
[INFO]   2025/11/12 22:03:33 csv_viewer.cgi END
