[INFO]   2025/11/25 17:09:24 input_csv.cgi START
[INFO]   2025/11/25 17:09:24 input_csv.cgi END
[INFO]   2025/11/25 17:12:55 csv_viewer.cgi START
[INFO]   2025/11/25 17:12:55 csv_viewer.cgi END
[INFO]   2025/11/25 17:13:00 input_csv.cgi START
[INFO]   2025/11/25 17:13:00 input_csv.cgi END
[INFO]   2025/11/25 17:13:04 csv_viewer.cgi START
[INFO]   2025/11/25 17:13:04 csv_viewer.cgi END
[INFO]   2025/11/25 17:13:06 input_csv.cgi START
[INFO]   2025/11/25 17:13:06 input_csv.cgi END
[INFO]   2025/11/25 17:13:12 csv_viewer.cgi START
[INFO]   2025/11/25 17:13:12 csv_viewer.cgi END
[INFO]   2025/11/25 17:14:36 input_csv.cgi START
[INFO]   2025/11/25 17:14:36 input_csv.cgi END
[INFO]   2025/11/25 17:14:41 csv_viewer.cgi START
[INFO]   2025/11/25 17:14:41 csv_viewer.cgi END
[INFO]   2025/11/25 17:17:01 input_csv.cgi START
[INFO]   2025/11/25 17:17:01 input_csv.cgi END
[INFO]   2025/11/25 17:17:06 csv_viewer.cgi START
[INFO]   2025/11/25 17:17:06 csv_viewer.cgi END
[INFO]   2025/11/25 17:17:52 input_csv.cgi START
[INFO]   2025/11/25 17:17:52 input_csv.cgi END
[INFO]   2025/11/25 17:17:58 csv_viewer.cgi START
[INFO]   2025/11/25 17:17:58 csv_viewer.cgi END
[INFO]   2025/11/25 17:22:27 input_csv.cgi START
[INFO]   2025/11/25 17:22:27 input_csv.cgi END
[INFO]   2025/11/25 17:28:45 input_csv.cgi START
[INFO]   2025/11/25 17:28:45 input_csv.cgi END
[INFO]   2025/11/25 17:31:16 csv_viewer.cgi START
[INFO]   2025/11/25 17:31:16 csv_viewer.cgi END
[INFO]   2025/11/25 17:32:18 csv_viewer.cgi START
[INFO]   2025/11/25 17:32:18 csv_viewer.cgi CSV UPLOAD ERROR
[INFO]   2025/11/25 17:37:44 csv_viewer.cgi START
[INFO]   2025/11/25 17:37:44 csv_viewer.cgi CSV UPLOAD ERROR
[INFO]   2025/11/25 17:41:23 csv_viewer.cgi START
[INFO]   2025/11/25 17:41:23 csv_viewer.cgi CSV UPLOAD ERROR
[INFO]   2025/11/25 17:41:19 csv_viewer.cgi START
[INFO]   2025/11/25 17:41:19 csv_viewer.cgi CSV UPLOAD ERROR
[INFO]   2025/11/25 17:42:48 csv_viewer.cgi START
[INFO]   2025/11/25 17:42:48 csv_viewer.cgi CSV UPLOAD ERROR
[INFO]   2025/11/25 17:44:11 csv_viewer.cgi START
[INFO]   2025/11/25 17:44:11 csv_viewer.cgi CSV UPLOAD ERROR
[INFO]   2025/11/25 17:44:11 system_error.cgi START
[INFO]   2025/11/25 17:44:11 system_error.cgi END
[INFO]   2025/11/25 17:44:14 input_csv.cgi START
[INFO]   2025/11/25 17:44:14 input_csv.cgi END
[INFO]   2025/11/25 17:44:18 input_csv.cgi START
[INFO]   2025/11/25 17:44:18 input_csv.cgi END
[INFO]   2025/11/25 17:45:41 system_error.cgi START
[INFO]   2025/11/25 17:45:41 system_error.cgi END
[INFO]   2025/11/25 17:45:42 input_csv.cgi START
[INFO]   2025/11/25 17:45:42 input_csv.cgi END
[INFO]   2025/11/25 17:45:48 csv_viewer.cgi START
[INFO]   2025/11/25 17:45:48 csv_viewer.cgi END
[INFO]   2025/11/25 17:46:03 input_csv.cgi START
[INFO]   2025/11/25 17:46:03 input_csv.cgi END
